<?xml version="1.0" encoding="UTF-8"?>
<testng-results ignored="0" total="1" passed="1" failed="0" skipped="0">
  <reporter-output>
  </reporter-output>
  <suite started-at="2022-02-16T20:45:47 PST" name="nopCommerceSuite" finished-at="2022-02-16T20:46:09 PST" duration-ms="22464">
    <groups>
    </groups>
    <test started-at="2022-02-16T20:45:47 PST" name="Test1" finished-at="2022-02-16T20:46:09 PST" duration-ms="22464">
      <class name="com.nopcommerce.testCases.TC_AddCustomerTest_003">
        <test-method is-config="true" signature="setup(java.lang.String)[pri:0, instance:com.nopcommerce.testCases.TC_AddCustomerTest_003@48aca48b]" started-at="2022-02-16T20:45:47 PST" name="setup" finished-at="2022-02-16T20:45:50 PST" duration-ms="3515" status="PASS">
          <params>
            <param index="0">
              <value>
                <![CDATA[chrome]]>
              </value>
            </param>
          </params>
          <reporter-output>
          </reporter-output>
        </test-method> <!-- setup -->
        <test-method signature="addNewCustomer()[pri:0, instance:com.nopcommerce.testCases.TC_AddCustomerTest_003@48aca48b]" started-at="2022-02-16T20:45:50 PST" name="addNewCustomer" finished-at="2022-02-16T20:46:09 PST" duration-ms="18652" status="PASS">
          <reporter-output>
          </reporter-output>
        </test-method> <!-- addNewCustomer -->
        <test-method is-config="true" signature="tearDown()[pri:0, instance:com.nopcommerce.testCases.TC_AddCustomerTest_003@48aca48b]" started-at="2022-02-16T20:46:09 PST" name="tearDown" finished-at="2022-02-16T20:46:09 PST" duration-ms="0" status="PASS">
          <reporter-output>
          </reporter-output>
        </test-method> <!-- tearDown -->
      </class> <!-- com.nopcommerce.testCases.TC_AddCustomerTest_003 -->
    </test> <!-- Test1 -->
  </suite> <!-- nopCommerceSuite -->
</testng-results>
