<?xml version="1.0" encoding="UTF-8"?>
<!-- Generated by org.testng.reporters.JUnitXMLReporter -->
<testsuite ignored="0" hostname="DESKTOP-1QBSVOI" failures="1" tests="2" name="Test1" time="12.036" errors="0" timestamp="2022-02-14T13:30:05 PST">
  <testcase classname="com.nopcommerce.testCases.TC_LoginTest_001" name="loginTest" time="6.947"/>
  <testcase classname="com.nopcommerce.testCases.TC_LoginDDT_002" name="LoginTest" time="0.918">
    <failure type="org.testng.internal.reflect.MethodMatcherException" message="
[public void com.nopcommerce.testCases.TC_LoginDDT_002.LoginTest(java.lang.String,java.lang.String) throws java.lang.InterruptedException,java.io.IOException] has no parameters defined but was found to be using a data provider (either explicitly specified or inherited from class level annotation).
Data provider mismatch
Method: LoginTest([Parameter{index=0, type=java.lang.String, declaredAnnotations=[]}, Parameter{index=1, type=java.lang.String, declaredAnnotations=[]}])
Arguments: [(java.lang.String) admin@yourstore.com]">
      <![CDATA[org.testng.internal.reflect.MethodMatcherException: 
[public void com.nopcommerce.testCases.TC_LoginDDT_002.LoginTest(java.lang.String,java.lang.String) throws java.lang.InterruptedException,java.io.IOException] has no parameters defined but was found to be using a data provider (either explicitly specified or inherited from class level annotation).
Data provider mismatch
Method: LoginTest([Parameter{index=0, type=java.lang.String, declaredAnnotations=[]}, Parameter{index=1, type=java.lang.String, declaredAnnotations=[]}])
Arguments: [(java.lang.String) admin@yourstore.com]
at java.base/java.util.ArrayList.forEach(ArrayList.java:1511)
... Removed 22 stack frames]]>
    </failure>
  </testcase> <!-- LoginTest -->
</testsuite> <!-- Test1 -->
